| There are too many transistors in parallel (> 30)
| Simulation results may be inaccurate, to fix this you may have to
| increase this limit in 'conn_list.c'.
| Note: This condition often occurs when Vdd or Gnd are not connected
|       to all cells.  Check the vicinity of the following 2 nodes:
|       top_level_0/vdd
|       top_level_0/NAND3X1_53/B
| time = 80.000ns
| time = 80.000ns
| time = 160.000ns
| time = 160.000ns
| time = 240.000ns
| time = 240.000ns
| time = 320.000ns
| time = 320.000ns
| time = 400.000ns
| time = 400.000ns
| time = 480.000ns
| time = 480.000ns
| time = 560.000ns
| time = 560.000ns
| time = 640.000ns
| time = 640.000ns
| time = 720.000ns
| time = 720.000ns
| time = 800.000ns
| time = 800.000ns
| time = 880.000ns
| time = 880.000ns
| time = 960.000ns
| time = 960.000ns
| time = 1040.000ns
| time = 1040.000ns
| time = 1120.000ns
| time = 1120.000ns
| time = 1200.000ns
| time = 1200.000ns
| time = 1280.000ns
| time = 1280.000ns
| time = 1360.000ns
| time = 1360.000ns
| time = 1440.000ns
| time = 1440.000ns
| time = 1520.000ns
| time = 1520.000ns
| time = 1600.000ns
| time = 1600.000ns
| time = 1680.000ns
| time = 1680.000ns
| time = 1760.000ns
| time = 1760.000ns
| time = 1840.000ns
| time = 1840.000ns
| time = 1920.000ns
| time = 1920.000ns
| time = 2000.000ns
| time = 2000.000ns
| time = 2080.000ns
| time = 2080.000ns
| time = 2160.000ns
| time = 2160.000ns
| time = 2240.000ns000ns
| time = 2960.000ns
| time = 3040.000ns
| time = 3040.000ns
| time = 3120.000ns
| time = 3120.000ns
| time = 3200.000ns
| time = 3200.000ns
| time = 3280.000ns
| time = 3280.000ns
| time = 3360.000ns
| time = 3360.000ns
| time = 3440.000ns
| time = 3440.000ns
| time = 3520.000ns
| time = 3520.000ns
| time = 3600.000ns
| time = 3600.000ns
| time = 3680.000ns
| time = 3680.000ns
| time = 3760.000ns
| time = 3760.000ns
| time = 3840.000ns
| time = 3840.000ns
| time = 3920.000ns
| time = 3920.000ns
| time = 4000.000ns
| time = 4000.000ns
| time = 4080.000ns
| time = 4080.000ns
| time = 4160.000ns
| time = 4160.000ns
| time = 4240.000ns
| time = 4240.000ns
| time = 4320.000ns
| time = 4320.000ns
| time = 4400.000ns
| time = 4400.000ns
| time = 4480.000ns
| time = 4480.000ns
| time = 4560.000ns
| time = 4560.000ns
| time = 4640.000ns
| time = 4640.000ns
| time = 4720.000ns
| time = 4720.000ns
| time = 4800.000ns
| time = 4800.000ns
| time = 4880.000ns
| time = 4880.000ns
| time = 4960.000ns
| time = 4960.000ns
| time = 5040.000ns
| time = 5040.000ns
| time = 5120.000ns
| time = 5120.000ns
| time = 5200.000ns
| time = 5200.000ns
| time = 5280.000ns
| time = 5280.000ns
| time = 5360.000ns
| time = 5360.000ns
| time = 5440.000ns
| time = 5440.000ns
| time = 5520.000ns
| time = 5520.000ns
| time = 5600.000ns
| time = 5600.000ns
| time = 5680.000ns
| time = 5680.000ns
| time = 5760.000ns
| time = 5760.000ns
| time = 5840.000ns
| time = 5840.000ns
| time = 5920.000ns
| time = 5920.000ns
| time = 6000.000ns
| time = 6000.000ns
| time = 6080.000ns
| time = 6080.000ns
| time = 6160.000ns
| time = 6160.000ns
| time = 6240.000ns
| time = 6240.000ns
| time = 6320.000ns
| time = 6320.000ns
| time = 6400.000ns
| time = 6400.000ns
| time = 6480.000ns
| time = 6480.000ns
| time = 6560.000ns
| time = 6560.000ns
| time = 6640.000ns
| time = 6640.000ns
| time = 6720.000ns
| time = 6720.000ns
| time = 6800.000ns
| time = 6800.000ns
| time = 6880.000ns
| time = 6880.000ns
| time = 6960.000ns
| time = 6960.000ns
| time = 7040.000ns
| time = 7040.000ns
| time = 7120.000ns
| time = 7120.000ns
| time = 7200.000ns
| time = 7200.000ns
| time = 7280.000ns
| time = 7280.000ns
| time = 7360.000ns
| time = 7360.000ns
| time = 7440.000ns
| time = 7440.000ns
| time = 7520.000ns
| time = 7520.000ns
| time = 7600.000ns
| time = 7600.000ns
| time = 7680.000ns
| time = 7680.000ns
| time = 7760.000ns
| time = 7760.000ns
| time = 7840.000ns
| time = 7840.000ns
| time = 7920.000ns
| time = 7920.000ns
| time = 8000.000ns
| time = 8000.000ns
| time = 8080.000ns
| time = 8080.000ns
| time = 8160.000ns
| time = 8160.000ns
| time = 8240.000ns
| time = 8240.000ns
| time = 8320.000ns
| time = 8320.000ns
| time = 8400.000ns
| time = 8400.000ns
| time = 8480.000ns
| time = 8480.000ns
| time = 8560.000ns
| time = 8560.000ns
| time = 8640.000ns
| time = 8640.000ns
| time = 8720.000ns
| time = 8720.000ns
| time = 8800.000ns
| time = 8800.000ns
| time = 8880.000ns
| time = 8880.000ns
| time = 8960.000ns
| time = 8960.000ns
| time = 9040.000ns
| time = 9040.000ns
| time = 9120.000ns
| time = 9120.000ns
| time = 9200.000ns
| time = 9200.000ns
| time = 9280.000ns
| time = 9280.000ns
| time = 9360.000ns
| time = 9360.000ns
| time = 9440.000ns
| time = 9440.000ns
| time = 9520.000ns
| time = 9520.000ns
| time = 9600.000ns
| time = 9600.000ns
| time = 9680.000ns
| time = 9680.000ns
| time = 9760.000ns
| time = 9760.000ns
| time = 9840.000ns
| time = 9840.000ns
| time = 9920.000ns
| time = 9920.000ns
| time = 10000.000ns
| time = 10000.000ns
| time = 10080.000ns
| time = 10080.000ns
| time = 10160.000ns
| time = 10160.000ns
| time = 10240.000ns
| time = 10240.000ns
